#-----------------------------------------------------------
# Vivado v2020.1.1 (64-bit)
# SW Build 2960000 on Wed Aug  5 22:57:20 MDT 2020
# IP Build 2956692 on Thu Aug  6 01:41:30 MDT 2020
# Start of session at: Sun Oct  4 23:26:35 2020
# Process ID: 11820
# Current directory: D:/IST/2020-2021_1S/PSD/Labs/lab_rep/lab1
# Command line: vivado.exe -gui_launcher_event rodinguilauncherevent8104 D:\IST\2020-2021_1S\PSD\Labs\lab_rep\lab1\project_L1.xpr
# Log file: D:/IST/2020-2021_1S/PSD/Labs/lab_rep/lab1/vivado.log
# Journal file: D:/IST/2020-2021_1S/PSD/Labs/lab_rep/lab1\vivado.jou
#-----------------------------------------------------------
start_gui
open_project D:/IST/2020-2021_1S/PSD/Labs/lab_rep/lab1/project_L1.xpr
Scanning sources...
Finished scanning sources
INFO: [IP_Flow 19-234] Refreshing IP repositories
INFO: [IP_Flow 19-1704] No user IP repositories specified
INFO: [IP_Flow 19-2313] Loaded Vivado IP repository 'D:/IST/2020-2021_1S/PSD/Programs/Vivado/2020.1/data/ip'.
open_project: Time (s): cpu = 00:00:19 ; elapsed = 00:00:10 . Memory (MB): peak = 1081.633 ; gain = 10.465
update_compile_order -fileset sources_1
exit
INFO: [Common 17-206] Exiting Vivado at Sun Oct  4 23:27:26 2020...
