#-----------------------------------------------------------
# Vivado v2020.1 (64-bit)
# SW Build 2902540 on Wed May 27 19:54:49 MDT 2020
# IP Build 2902112 on Wed May 27 22:43:36 MDT 2020
# Start of session at: Sat Oct  3 16:33:42 2020
# Process ID: 13984
# Current directory: C:/Users/simao/Desktop/IST/4Ano/PSD/Labs/PSD_repositorio/lab1
# Command line: vivado.exe -gui_launcher_event rodinguilauncherevent17172 C:\Users\simao\Desktop\IST\4Ano\PSD\Labs\PSD_repositorio\lab1\project_L1.xpr
# Log file: C:/Users/simao/Desktop/IST/4Ano/PSD/Labs/PSD_repositorio/lab1/vivado.log
# Journal file: C:/Users/simao/Desktop/IST/4Ano/PSD/Labs/PSD_repositorio/lab1\vivado.jou
#-----------------------------------------------------------
start_gui
open_project C:/Users/simao/Desktop/IST/4Ano/PSD/Labs/PSD_repositorio/lab1/project_L1.xpr
INFO: [Project 1-313] Project file moved from 'C:/Users/simao/Desktop/IST/4Ano/PSD/Labs/L1/project_L1' since last save.
Scanning sources...
Finished scanning sources
INFO: [IP_Flow 19-234] Refreshing IP repositories
INFO: [IP_Flow 19-1704] No user IP repositories specified
INFO: [IP_Flow 19-2313] Loaded Vivado IP repository 'C:/Xilinx/Vivado/2020.1/data/ip'.
open_project: Time (s): cpu = 00:00:26 ; elapsed = 00:00:13 . Memory (MB): peak = 1028.113 ; gain = 0.000
update_compile_order -fileset sources_1
close [ open C:/Users/simao/Desktop/IST/4Ano/PSD/Labs/PSD_repositorio/lab1/project_L1.srcs/sources_1/new/control.vhd w ]
add_files C:/Users/simao/Desktop/IST/4Ano/PSD/Labs/PSD_repositorio/lab1/project_L1.srcs/sources_1/new/control.vhd
update_compile_order -fileset sources_1
add_files -norecurse C:/Users/simao/Desktop/IST/4Ano/PSD/Labs/L0/Intro/Intro.srcs/sources_1/imports/lab0Files/circuito.vhd
update_compile_order -fileset sources_1
update_compile_order -fileset sources_1
exit
INFO: [Common 17-206] Exiting Vivado at Sat Oct  3 18:01:01 2020...
